<?xml version="1.0" encoding="UTF-8"?>
<!-- Generated by org.testng.reporters.JUnitXMLReporter -->
<testsuite hostname="GARNET-QA13L" ignored="0" name="Command line test" tests="6" failures="0" timestamp="31 Aug 2022 18:13:10 GMT" time="0.024" errors="0">
  <testcase name="IOSApps" time="0.005" classname="qaclickacademy.AppiumTest"/>
  <testcase name="NativeAPpAndroid" time="0.0" classname="qaclickacademy.AppiumTest"/>
  <testcase name="deleteTwitter" time="0.0" classname="qaclickacademy.RESTAPITest"/>
  <testcase name="postJira" time="0.0" classname="qaclickacademy.RESTAPITest"/>
  <testcase name="BrowserAUtomation" time="0.0" classname="qaclickacademy.SeleniumTest"/>
  <testcase name="elementsUi" time="0.0" classname="qaclickacademy.SeleniumTest"/>
</testsuite> <!-- Command line test -->
